28.075115, -16.554641, 6.8, 0
28.075115, -16.554641, 6.8, 4
28.075115, -16.554641, 6.8, 4
28.075115, -16.554641, 6.8, 4
28.075115, -16.554641, 6.8, 4
28.075112, -16.554634, 6.8, 4
28.075112, -16.554634, 6.8, 4
28.075112, -16.554634, 6.8, 4
28.075112, -16.554634, 6.8, 4
28.075119, -16.554633, 6.2, 4
28.075119, -16.554633, 6.2, 4
28.075119, -16.554633, 6.2, 4
28.070941, -16.699122, 64.0, -1
28.075119, -16.554633, 6.2, 4
28.075118, -16.554626, 6.0, 4
28.075118, -16.554626, 6.0, 4
28.075118, -16.554626, 6.0, 4
28.075118, -16.554626, 6.0, 4
28.075121, -16.554609, 5.8, 4
28.075121, -16.554609, 5.8, 4
28.075121, -16.554609, 5.8, 4
28.075121, -16.554609, 5.8, 4
28.075119, -16.554595, 5.8, 4
28.075119, -16.554595, 5.8, 4
28.075119, -16.554595, 5.8, 4
28.075119, -16.554595, 5.8, 4
28.075113, -16.554582, 6.0, 4
28.075113, -16.554582, 6.0, 4
28.075113, -16.554582, 6.0, 4
28.075113, -16.554582, 6.0, 4
28.075148, -16.554496, 6.3, 4
28.075148, -16.554496, 6.3, 5
28.075148, -16.554496, 6.3, 5
28.075148, -16.554496, 6.3, 5
28.070323, -16.701261, 64.0, -1
28.075160, -16.554436, 7.1, 5
28.075160, -16.554436, 7.1, 6
28.075160, -16.554436, 7.1, 6
28.075160, -16.554436, 7.1, 6
28.075149, -16.554427, 7.4, 6
28.075149, -16.554427, 7.4, 4
28.075149, -16.554427, 7.4, 4
28.075149, -16.554427, 7.4, 4
28.075136, -16.554412, 7.9, 4
28.075136, -16.554412, 7.9, 4
28.075136, -16.554412, 7.9, 4
28.075136, -16.554412, 7.9, 4
28.075126, -16.554402, 8.2, 4
28.075126, -16.554402, 8.2, 4
28.075126, -16.554402, 8.2, 4
28.075126, -16.554402, 8.2, 4
28.075116, -16.554392, 8.4, 4
28.075116, -16.554392, 8.4, 4
28.075116, -16.554392, 8.4, 4
28.075116, -16.554392, 8.4, 4
28.075106, -16.554385, 8.6, 4
28.075106, -16.554385, 8.6, 4
28.070314, -16.701776, 64.0, -1
28.075106, -16.554385, 8.6, 4
28.075106, -16.554385, 8.6, 4
28.075094, -16.554377, 8.9, 4
28.075094, -16.554377, 8.9, 4
28.075094, -16.554377, 8.9, 4
28.075094, -16.554377, 8.9, 4
28.075081, -16.554369, 9.2, 4
28.075081, -16.554369, 9.2, 4
28.075081, -16.554369, 9.2, 4
28.075081, -16.554369, 9.2, 4
28.075070, -16.554361, 9.5, 4
28.075070, -16.554361, 9.5, 4
28.075070, -16.554361, 9.5, 4
28.075070, -16.554361, 9.5, 4
28.075060, -16.554354, 9.6, 4
28.075060, -16.554354, 9.6, 4
28.075060, -16.554354, 9.6, 4
28.075060, -16.554354, 9.6, 4
28.075061, -16.554356, 9.4, 4
28.075061, -16.554356, 9.4, 5
28.075061, -16.554356, 9.4, 5
28.075061, -16.554356, 9.4, 5
28.070380, -16.702313, 64.0, -1
28.075063, -16.554361, 9.1, 5
28.075063, -16.554361, 9.1, 5
28.075063, -16.554361, 9.1, 5
28.075063, -16.554361, 9.1, 5
28.075063, -16.554364, 8.9, 5
28.075063, -16.554364, 8.9, 5
28.075063, -16.554364, 8.9, 5
28.075063, -16.554364, 8.9, 5
28.075062, -16.554366, 8.8, 5
28.075062, -16.554366, 8.8, 5
28.075062, -16.554366, 8.8, 5
28.075062, -16.554366, 8.8, 5
28.075059, -16.554372, 8.7, 5
28.075059, -16.554372, 8.7, 5
28.075059, -16.554372, 8.7, 5
28.075059, -16.554372, 8.7, 5
28.075057, -16.554378, 8.5, 5
28.075057, -16.554378, 8.5, 5
28.075057, -16.554378, 8.5, 5
28.075057, -16.554378, 8.5, 5
28.075056, -16.554382, 8.4, 5
28.075056, -16.554382, 8.4, 5
28.070494, -16.702999, 64.0, -1
28.075056, -16.554382, 8.4, 5
28.075056, -16.554382, 8.4, 5
28.075056, -16.554386, 8.2, 5
28.075056, -16.554386, 8.2, 5
28.075056, -16.554386, 8.2, 5
28.075056, -16.554386, 8.2, 5
28.075053, -16.554388, 8.2, 5
28.075053, -16.554388, 8.2, 5
28.075053, -16.554388, 8.2, 5
28.075053, -16.554388, 8.2, 5
28.075051, -16.554390, 8.1, 5
28.075051, -16.554390, 8.1, 5
28.075051, -16.554390, 8.1, 5
28.075051, -16.554390, 8.1, 5
28.075050, -16.554396, 7.8, 5
28.075050, -16.554396, 7.8, 5
28.075050, -16.554396, 7.8, 5
28.075050, -16.554396, 7.8, 5
28.075050, -16.554403, 7.5, 5
28.075050, -16.554403, 7.5, 5
28.075050, -16.554403, 7.5, 5
28.075050, -16.554403, 7.5, 5
28.070702, -16.704147, 64.0, -1
28.075050, -16.554408, 7.3, 5
28.075050, -16.554408, 7.3, 5
28.075050, -16.554408, 7.3, 5
28.075050, -16.554408, 7.3, 5
28.075048, -16.554409, 7.3, 5
28.075048, -16.554409, 7.3, 5
28.075048, -16.554409, 7.3, 5
28.075048, -16.554409, 7.3, 5
28.075048, -16.554412, 7.1, 5
28.075048, -16.554412, 7.1, 5
28.075048, -16.554412, 7.1, 5
28.075048, -16.554412, 7.1, 5
28.075049, -16.554410, 6.9, 5
28.075049, -16.554410, 6.9, 5
28.075049, -16.554410, 6.9, 5
28.075049, -16.554410, 6.9, 5
28.075050, -16.554406, 6.9, 5
28.075050, -16.554406, 6.9, 5
28.075050, -16.554406, 6.9, 5
28.075050, -16.554406, 6.9, 5
28.075049, -16.554400, 7.0, 5
28.075049, -16.554400, 7.0, 5
28.070835, -16.705102, 64.0, -1
28.075049, -16.554400, 7.0, 5
28.075049, -16.554400, 7.0, 5
28.075051, -16.554398, 6.8, 5
28.075051, -16.554398, 6.8, 5
28.075051, -16.554398, 6.8, 5
28.075051, -16.554398, 6.8, 5
28.075052, -16.554398, 6.7, 5
28.075052, -16.554398, 6.7, 5
28.075052, -16.554398, 6.7, 5
28.075052, -16.554398, 6.7, 5
28.075050, -16.554394, 6.8, 5
28.075050, -16.554394, 6.8, 5
28.075050, -16.554394, 6.8, 5
28.075050, -16.554394, 6.8, 5
28.075056, -16.554406, 6.2, 5
28.075056, -16.554406, 6.2, 6
28.075056, -16.554406, 6.2, 6
28.075056, -16.554406, 6.2, 6
28.075060, -16.554419, 5.7, 6
28.075060, -16.554419, 5.7, 6
28.075060, -16.554419, 5.7, 6
28.075060, -16.554419, 5.7, 6
28.070664, -16.706207, 64.0, -1
28.075063, -16.554431, 5.2, 6
28.075063, -16.554431, 5.2, 6
28.075063, -16.554431, 5.2, 6
28.075063, -16.554431, 5.2, 6
28.075064, -16.554442, 4.9, 6
28.075064, -16.554442, 4.9, 6
28.075064, -16.554442, 4.9, 6
28.075064, -16.554442, 4.9, 6
28.075065, -16.554449, 4.6, 6
28.075065, -16.554449, 4.6, 6
28.075065, -16.554449, 4.6, 6
28.075065, -16.554449, 4.6, 6
28.075066, -16.554458, 4.2, 6
28.075066, -16.554458, 4.2, 6
28.075066, -16.554458, 4.2, 6
28.075066, -16.554458, 4.2, 6
28.075066, -16.554463, 4.1, 6
28.075066, -16.554463, 4.1, 6
28.075066, -16.554463, 4.1, 6
28.075066, -16.554463, 4.1, 6
28.075066, -16.554465, 3.9, 6
28.075066, -16.554465, 3.9, 6
28.075066, -16.554465, 3.9, 6
28.075066, -16.554465, 3.9, 6
28.070941, -16.699122, 65.0, -1
28.075069, -16.554467, 3.7, 6
28.075069, -16.554467, 3.7, 6
28.075069, -16.554467, 3.7, 6
28.075069, -16.554467, 3.7, 6
28.075071, -16.554468, 3.5, 6
28.075071, -16.554468, 3.5, 6
28.075071, -16.554468, 3.5, 6
28.075071, -16.554468, 3.5, 6
28.075073, -16.554469, 3.3, 6
28.075073, -16.554469, 3.3, 6
28.075073, -16.554469, 3.3, 6
28.075073, -16.554469, 3.3, 6
28.075075, -16.554469, 3.3, 6
28.075075, -16.554469, 3.3, 6
28.075075, -16.554469, 3.3, 6
28.075075, -16.554469, 3.3, 6
28.075076, -16.554470, 3.2, 6
28.075076, -16.554470, 3.2, 6
28.075076, -16.554470, 3.2, 6
28.075076, -16.554470, 3.2, 6
28.075078, -16.554474, 2.9, 6
28.075078, -16.554474, 2.9, 6
28.070323, -16.701261, 66.0, -1
28.075078, -16.554474, 2.9, 6
28.075078, -16.554474, 2.9, 6
28.075078, -16.554482, 2.5, 6
28.075078, -16.554482, 2.5, 6
28.075078, -16.554482, 2.5, 6
28.075078, -16.554482, 2.5, 6
28.075078, -16.554482, 2.5, 5
28.075078, -16.554482, 2.5, 5
28.075078, -16.554482, 2.5, 5
28.075078, -16.554482, 2.5, 5
28.075078, -16.554482, 2.5, 5
28.075078, -16.554482, 2.5, 5
28.075078, -16.554482, 2.5, 5
28.075078, -16.554482, 2.5, 5
28.075078, -16.554482, 2.5, 5
28.075078, -16.554482, 2.5, 5
28.075078, -16.554482, 2.5, 5
28.075078, -16.554482, 2.5, 5
28.075087, -16.554518, 0.6, 5
28.075087, -16.554518, 0.6, 6
28.075087, -16.554518, 0.6, 6
28.075087, -16.554518, 0.6, 6
28.070314, -16.701776, 67.0, -1
28.075088, -16.554528, 0.5, 6
28.075088, -16.554528, 0.5, 6
28.075088, -16.554528, 0.5, 6
28.075088, -16.554528, 0.5, 6
28.075090, -16.554534, 0.4, 6
28.075090, -16.554534, 0.4, 6
28.075090, -16.554534, 0.4, 6
28.075090, -16.554534, 0.4, 6
28.075092, -16.554538, 0.5, 6
28.075092, -16.554538, 0.5, 6
28.075092, -16.554538, 0.5, 6
28.075092, -16.554538, 0.5, 6
28.075094, -16.554542, 0.4, 6
28.075094, -16.554542, 0.4, 6
28.075094, -16.554542, 0.4, 6
28.075094, -16.554542, 0.4, 6
28.075094, -16.554542, 0.4, 5
28.075094, -16.554542, 0.4, 5
28.075094, -16.554542, 0.4, 5
28.075099, -16.554551, 0.7, 5
28.075099, -16.554551, 0.7, 6
28.070380, -16.702313, 67.0, -1
28.075099, -16.554551, 0.7, 6
28.075099, -16.554551, 0.7, 6
28.075099, -16.554551, 0.7, 6
28.075103, -16.554557, 1.1, 6
28.075103, -16.554557, 1.1, 6
28.075103, -16.554557, 1.1, 6
28.075103, -16.554557, 1.1, 6
28.075107, -16.554565, 1.6, 6
28.075107, -16.554565, 1.6, 6
28.075107, -16.554565, 1.6, 6
28.075107, -16.554565, 1.6, 6
28.075110, -16.554577, 2.1, 6
28.075110, -16.554577, 2.1, 6
28.075110, -16.554577, 2.1, 6
28.075110, -16.554577, 2.1, 6
28.075106, -16.554591, 2.3, 6
28.075106, -16.554591, 2.3, 6
28.075106, -16.554591, 2.3, 6
28.075106, -16.554591, 2.3, 6
28.075105, -16.554602, 2.5, 6
28.075105, -16.554602, 2.5, 6
28.075105, -16.554602, 2.5, 6
28.070494, -16.702999, 66.0, -1
28.075105, -16.554602, 2.5, 6
28.075105, -16.554613, 2.8, 6
28.075105, -16.554613, 2.8, 6
28.075105, -16.554613, 2.8, 6
28.075105, -16.554613, 2.8, 6
28.075106, -16.554617, 2.9, 6
28.075106, -16.554617, 2.9, 6
28.075106, -16.554617, 2.9, 6
28.075106, -16.554617, 2.9, 6
28.075107, -16.554620, 2.9, 6
28.075107, -16.554620, 2.9, 6
28.075107, -16.554620, 2.9, 6
28.075107, -16.554620, 2.9, 6
28.075108, -16.554622, 2.8, 6
28.075108, -16.554622, 2.8, 6
28.075108, -16.554622, 2.8, 6
28.075108, -16.554622, 2.8, 6
28.075110, -16.554625, 2.8, 6
28.075110, -16.554625, 2.8, 6
28.075110, -16.554625, 2.8, 6
28.075110, -16.554625, 2.8, 6
28.075112, -16.554627, 2.9, 6
28.070702, -16.704147, 67.0, -1
28.075112, -16.554627, 2.9, 5
28.075112, -16.554627, 2.9, 5
28.075112, -16.554627, 2.9, 5
28.075115, -16.554628, 2.9, 5
28.075115, -16.554628, 2.9, 5
28.075115, -16.554628, 2.9, 5
28.075115, -16.554628, 2.9, 5
28.075116, -16.554632, 3.0, 5
28.075116, -16.554632, 3.0, 5
28.075116, -16.554632, 3.0, 5
28.075116, -16.554632, 3.0, 5
28.075118, -16.554635, 3.0, 5
28.075118, -16.554635, 3.0, 5
28.075118, -16.554635, 3.0, 5
28.075118, -16.554635, 3.0, 5
28.075121, -16.554638, 3.2, 5
28.075121, -16.554638, 3.2, 5
28.075121, -16.554638, 3.2, 5
28.075121, -16.554638, 3.2, 5
28.075125, -16.554639, 3.2, 5
28.075125, -16.554639, 3.2, 5
28.075125, -16.554639, 3.2, 5
28.070835, -16.705102, 67.0, -1
28.075125, -16.554639, 3.2, 5
28.075127, -16.554639, 3.2, 5
28.075127, -16.554639, 3.2, 5
28.075127, -16.554639, 3.2, 5
28.075127, -16.554639, 3.2, 5
28.075129, -16.554637, 3.0, 5
28.075129, -16.554637, 3.0, 5
28.075129, -16.554637, 3.0, 5
28.075129, -16.554637, 3.0, 5
28.075133, -16.554635, 3.0, 5
28.075133, -16.554635, 3.0, 5
28.075133, -16.554635, 3.0, 5
28.075137, -16.554634, 3.0, 5
28.075137, -16.554634, 3.0, 5
28.075137, -16.554634, 3.0, 5
28.075137, -16.554634, 3.0, 5
28.075137, -16.554634, 3.0, 5
28.075143, -16.554628, 2.9, 5
28.075143, -16.554628, 2.9, 5
28.075143, -16.554628, 2.9, 5
28.075143, -16.554628, 2.9, 5
28.070664, -16.706207, 68.0, -1
28.075148, -16.554624, 2.9, 5
28.075148, -16.554624, 2.9, 5
28.075148, -16.554624, 2.9, 5
28.075153, -16.554621, 3.0, 5
28.075153, -16.554621, 3.0, 5
28.075153, -16.554621, 3.0, 5
28.075153, -16.554621, 3.0, 5
28.075153, -16.554621, 3.0, 5
28.075159, -16.554617, 3.2, 5
28.075159, -16.554617, 3.2, 5
28.075159, -16.554617, 3.2, 5
28.075163, -16.554615, 3.3, 5
28.075163, -16.554615, 3.3, 5
28.075163, -16.554615, 3.3, 5
28.075163, -16.554615, 3.3, 5
28.075168, -16.554615, 3.4, 5
28.075168, -16.554615, 3.4, 5
28.075168, -16.554615, 3.4, 5
28.075172, -16.554616, 3.6, 5
28.075172, -16.554616, 3.6, 5
28.075172, -16.554616, 3.6, 5
28.075172, -16.554616, 3.6, 5
28.070941, -16.699122, 71.0, -1
28.075177, -16.554614, 3.7, 5
28.075177, -16.554614, 3.7, 5
28.075177, -16.554614, 3.7, 5
28.075177, -16.554614, 3.7, 5
28.075184, -16.554608, 4.0, 5
28.075184, -16.554608, 4.0, 5
28.075184, -16.554608, 4.0, 5
28.075194, -16.554602, 4.4, 5
28.075194, -16.554602, 4.4, 5
28.075194, -16.554602, 4.4, 5
28.075194, -16.554602, 4.4, 5
28.075182, -16.554616, 4.5, 5
28.075182, -16.554616, 4.5, 6
28.075182, -16.554616, 4.5, 6
28.075182, -16.554616, 4.5, 6
28.075171, -16.554627, 4.7, 6
28.075171, -16.554627, 4.7, 7
28.075171, -16.554627, 4.7, 7
28.075171, -16.554627, 4.7, 7
28.070323, -16.701261, 71.0, -1
28.075160, -16.554639, 4.9, 7
28.075160, -16.554639, 4.9, 7
28.075160, -16.554639, 4.9, 7
28.075150, -16.554652, 5.0, 7
28.075150, -16.554652, 5.0, 7
28.075150, -16.554652, 5.0, 7
28.075150, -16.554652, 5.0, 7
28.075142, -16.554665, 5.1, 7
28.075142, -16.554665, 5.1, 7
28.075142, -16.554665, 5.1, 7
28.075146, -16.554668, 5.1, 7
28.075146, -16.554668, 5.1, 6
28.075146, -16.554668, 5.1, 6
28.075146, -16.554668, 5.1, 6
28.075148, -16.554668, 5.1, 6
28.075148, -16.554668, 5.1, 6
28.075148, -16.554668, 5.1, 6
28.075148, -16.554668, 5.1, 6
28.075151, -16.554666, 5.1, 6
28.075151, -16.554666, 5.1, 6
28.075151, -16.554666, 5.1, 6
28.070314, -16.701776, 71.0, -1
28.075151, -16.554666, 5.1, 6
28.075154, -16.554661, 5.1, 6
28.075154, -16.554661, 5.1, 6
28.075154, -16.554661, 5.1, 6
28.075154, -16.554661, 5.1, 6
28.075157, -16.554659, 5.1, 6
28.075157, -16.554659, 5.1, 6
28.075157, -16.554659, 5.1, 6
28.075160, -16.554658, 5.0, 6
28.075160, -16.554658, 5.0, 6
28.075160, -16.554658, 5.0, 6
28.075160, -16.554658, 5.0, 6
28.075161, -16.554657, 4.9, 6
28.075161, -16.554657, 4.9, 6
28.075161, -16.554657, 4.9, 6
28.075163, -16.554656, 4.8, 6
28.075163, -16.554656, 4.8, 6
28.075163, -16.554656, 4.8, 6
28.075163, -16.554656, 4.8, 6
28.070380, -16.702313, 70.0, -1
28.075165, -16.554652, 4.8, 6
28.075165, -16.554652, 4.8, 6
28.075165, -16.554652, 4.8, 6
28.075165, -16.554652, 4.8, 6
28.075169, -16.554648, 4.9, 6
28.075169, -16.554648, 4.9, 6
28.075169, -16.554648, 4.9, 6
28.075172, -16.554646, 4.9, 6
28.075172, -16.554646, 4.9, 6
28.075172, -16.554646, 4.9, 6
28.075172, -16.554646, 4.9, 6
28.075173, -16.554646, 4.9, 6
28.075173, -16.554646, 4.9, 6
28.075173, -16.554646, 4.9, 6
28.075173, -16.554646, 4.9, 6
28.075174, -16.554645, 4.8, 6
28.075174, -16.554645, 4.8, 6
28.075174, -16.554645, 4.8, 6
28.075175, -16.554646, 4.7, 6
28.070494, -16.702999, 70.0, -1
28.075175, -16.554646, 4.7, 6
28.075175, -16.554646, 4.7, 6
28.075175, -16.554646, 4.7, 6
28.075174, -16.554647, 4.5, 6
28.075174, -16.554647, 4.5, 6
28.075174, -16.554647, 4.5, 6
28.075175, -16.554648, 4.4, 6
28.075175, -16.554648, 4.4, 6
28.075175, -16.554648, 4.4, 6
28.075175, -16.554648, 4.4, 6
28.075176, -16.554648, 4.3, 6
28.075176, -16.554648, 4.3, 6
28.075176, -16.554648, 4.3, 6
28.075176, -16.554648, 4.3, 6
28.075177, -16.554647, 4.3, 6
28.075177, -16.554647, 4.3, 6
28.075177, -16.554647, 4.3, 6
28.075177, -16.554647, 4.3, 6
28.075179, -16.554650, 4.1, 6
28.075179, -16.554650, 4.1, 6
28.075179, -16.554650, 4.1, 6
28.070702, -16.704147, 71.0, -1
28.075180, -16.554652, 4.0, 6
28.075180, -16.554652, 4.0, 6
28.075180, -16.554652, 4.0, 6
28.075180, -16.554652, 4.0, 6
28.075182, -16.554651, 3.9, 6
28.075182, -16.554651, 3.9, 6
28.075182, -16.554651, 3.9, 6
28.075182, -16.554651, 3.9, 6
28.075183, -16.554651, 3.8, 6
28.075183, -16.554651, 3.8, 6
28.075183, -16.554651, 3.8, 6
28.075183, -16.554653, 3.6, 6
28.075183, -16.554653, 3.6, 6
28.075183, -16.554653, 3.6, 6
28.075183, -16.554653, 3.6, 6
28.075184, -16.554652, 3.6, 6
28.075184, -16.554652, 3.6, 6
28.075184, -16.554652, 3.6, 6
28.075184, -16.554652, 3.6, 6
28.070835, -16.705102, 70.0, -1
28.075185, -16.554658, 3.5, 6
28.075185, -16.554658, 3.5, 6
28.075185, -16.554658, 3.5, 6
28.075186, -16.554662, 3.4, 6
28.075186, -16.554662, 3.4, 6
28.075186, -16.554662, 3.4, 6
28.075186, -16.554662, 3.4, 6
28.075183, -16.554665, 3.1, 6
28.075183, -16.554665, 3.1, 6
28.075183, -16.554665, 3.1, 6
28.075183, -16.554665, 3.1, 6
28.075182, -16.554670, 2.9, 6
28.075182, -16.554670, 2.9, 6
28.075182, -16.554670, 2.9, 6
28.075182, -16.554670, 2.9, 6
28.075180, -16.554674, 2.6, 6
28.075180, -16.554674, 2.6, 6
28.075180, -16.554674, 2.6, 6
28.075179, -16.554680, 2.4, 6
28.075179, -16.554680, 2.4, 6
28.070664, -16.706207, 70.0, -1
28.075179, -16.554680, 2.4, 6
28.075179, -16.554680, 2.4, 6
28.075178, -16.554689, 2.4, 6
28.075178, -16.554689, 2.4, 6
28.075178, -16.554689, 2.4, 6
28.075176, -16.554696, 2.4, 6
28.075176, -16.554696, 2.4, 6
28.075176, -16.554696, 2.4, 6
28.075176, -16.554696, 2.4, 6
28.075176, -16.554696, 2.4, 6
28.075176, -16.554700, 2.3, 6
28.075176, -16.554700, 2.3, 6
28.075176, -16.554700, 2.3, 6
28.075176, -16.554700, 2.3, 6
28.075176, -16.554702, 2.3, 6
28.075176, -16.554702, 2.3, 6
28.075176, -16.554702, 2.3, 6
28.075176, -16.554702, 2.3, 6
28.075176, -16.554702, 2.3, 6
28.075175, -16.554706, 2.1, 6
28.075175, -16.554706, 2.1, 6
28.075175, -16.554706, 2.1, 6
28.075175, -16.554706, 2.1, 6
28.075173, -16.554713, 2.1, 6
28.075173, -16.554713, 2.1, 6
28.075173, -16.554713, 2.1, 6
28.075173, -16.554713, 2.1, 6
28.075173, -16.554713, 2.1, 6
28.075173, -16.554717, 2.3, 6
28.075173, -16.554717, 2.3, 6
28.075173, -16.554717, 2.3, 6
28.075173, -16.554717, 2.3, 6
28.075174, -16.554722, 2.4, 6
28.075174, -16.554722, 2.4, 6
28.075174, -16.554722, 2.4, 6
28.075174, -16.554722, 2.4, 6
28.075174, -16.554722, 2.4, 6
28.075173, -16.554727, 2.4, 6
28.075173, -16.554727, 2.4, 6
28.075173, -16.554727, 2.4, 6
28.075173, -16.554727, 2.4, 6
28.075174, -16.554732, 2.5, 6
28.075174, -16.554732, 2.5, 6
28.075174, -16.554732, 2.5, 6
28.075174, -16.554732, 2.5, 6
28.075174, -16.554732, 2.5, 6
28.075172, -16.554740, 2.5, 6
28.075172, -16.554740, 2.5, 6
28.075172, -16.554740, 2.5, 6
28.075172, -16.554740, 2.5, 6
28.075170, -16.554748, 2.7, 6
28.075170, -16.554748, 2.7, 6
28.075170, -16.554748, 2.7, 6
28.075170, -16.554748, 2.7, 6
28.075170, -16.554748, 2.7, 6
28.075168, -16.554757, 2.9, 6
28.075168, -16.554757, 2.9, 6
28.075168, -16.554757, 2.9, 6
28.075168, -16.554757, 2.9, 6
28.075164, -16.554767, 3.0, 6
28.075164, -16.554767, 3.0, 6
28.075164, -16.554767, 3.0, 6
28.075164, -16.554767, 3.0, 6
28.075164, -16.554767, 3.0, 6
28.075161, -16.554779, 3.4, 6
28.075161, -16.554779, 3.4, 6
28.075161, -16.554779, 3.4, 6
28.075161, -16.554779, 3.4, 6
28.075157, -16.554788, 3.6, 6
28.075157, -16.554788, 3.6, 6
28.075157, -16.554788, 3.6, 6
28.075157, -16.554788, 3.6, 6
28.075157, -16.554788, 3.6, 6
28.075153, -16.554794, 3.7, 6
28.075153, -16.554794, 3.7, 6
28.075153, -16.554794, 3.7, 6
28.075153, -16.554794, 3.7, 6
28.075153, -16.554794, 3.7, 5
28.075153, -16.554794, 3.7, 5
28.075153, -16.554794, 3.7, 5
28.075153, -16.554794, 3.7, 5
28.075153, -16.554794, 3.7, 5
28.075153, -16.554794, 3.7, 5
28.075153, -16.554794, 3.7, 5
28.075153, -16.554794, 3.7, 5
28.075153, -16.554794, 3.7, 5
28.075153, -16.554794, 3.7, 5
28.075153, -16.554794, 3.7, 5
28.075153, -16.554794, 3.7, 5
28.075153, -16.554794, 3.7, 5
28.075153, -16.554794, 3.7, 5
28.075153, -16.554794, 3.7, 5
28.075153, -16.554794, 3.7, 5
28.075153, -16.554794, 3.7, 5
28.075153, -16.554794, 3.7, 5
28.075153, -16.554794, 3.7, 5
28.075153, -16.554794, 3.7, 5
28.075153, -16.554794, 3.7, 5
28.075153, -16.554794, 3.7, 5
28.075153, -16.554794, 3.7, 5
28.075153, -16.554794, 3.7, 5
28.075153, -16.554794, 3.7, 5
28.075153, -16.554794, 3.7, 5
28.075153, -16.554794, 3.7, 5
28.075153, -16.554794, 3.7, 5
28.075153, -16.554794, 3.7, 5
28.075153, -16.554794, 3.7, 5
28.075153, -16.554794, 3.7, 5
28.075153, -16.554794, 3.7, 5
28.075153, -16.554794, 3.7, 5
28.075153, -16.554794, 3.7, 5
28.075153, -16.554794, 3.7, 5
28.075153, -16.554794, 3.7, 5
28.075153, -16.554794, 3.7, 5
28.075153, -16.554794, 3.7, 5
28.075153, -16.554794, 3.7, 5
28.075153, -16.554794, 3.7, 5
28.075153, -16.554794, 3.7, 5
28.075153, -16.554794, 3.7, 5
28.075153, -16.554794, 3.7, 5
28.075153, -16.554794, 3.7, 5
28.075153, -16.554794, 3.7, 5
28.075153, -16.554794, 3.7, 5
28.075153, -16.554794, 3.7, 5
28.075153, -16.554794, 3.7, 5
28.075153, -16.554794, 3.7, 5
28.075153, -16.554794, 3.7, 5
28.075153, -16.554794, 3.7, 5
28.075153, -16.554794, 3.7, 5
28.075153, -16.554794, 3.7, 6
28.075153, -16.554794, 3.7, 6
28.075153, -16.554794, 3.7, 6
28.075153, -16.554794, 3.7, 6
28.075153, -16.554794, 3.7, 5
28.075153, -16.554794, 3.7, 5
28.075153, -16.554794, 3.7, 5
28.075153, -16.554794, 3.7, 5
28.075153, -16.554794, 3.7, 5
28.075153, -16.554794, 3.7, 5
28.075153, -16.554794, 3.7, 5
28.075153, -16.554794, 3.7, 5
28.075153, -16.554794, 3.7, 5
28.075153, -16.554794, 3.7, 5
28.075153, -16.554794, 3.7, 5
28.075153, -16.554794, 3.7, 5
28.075153, -16.554794, 3.7, 5
28.075153, -16.554794, 3.7, 5
28.075153, -16.554794, 3.7, 5
28.075153, -16.554794, 3.7, 5
28.075153, -16.554794, 3.7, 5
28.075153, -16.554794, 3.7, 5
28.075153, -16.554794, 3.7, 5
28.075153, -16.554794, 3.7, 5
28.075153, -16.554794, 3.7, 5
28.075153, -16.554794, 3.7, 5
28.075153, -16.554794, 3.7, 5
28.075153, -16.554794, 3.7, 5
28.075153, -16.554794, 3.7, 5
28.075153, -16.554794, 3.7, 5
28.075153, -16.554794, 3.7, 5
28.075153, -16.554794, 3.7, 5
28.075153, -16.554794, 3.7, 5
28.075153, -16.554794, 3.7, 5
28.075153, -16.554794, 3.7, 5
28.075153, -16.554794, 3.7, 5
28.075153, -16.554794, 3.7, 5
28.075153, -16.554794, 3.7, 5
28.075153, -16.554794, 3.7, 5
28.075153, -16.554794, 3.7, 5
28.075153, -16.554794, 3.7, 5
28.075153, -16.554794, 3.7, 5
28.075153, -16.554794, 3.7, 5
28.075153, -16.554794, 3.7, 5
28.075153, -16.554794, 3.7, 5
28.075153, -16.554794, 3.7, 5
28.075153, -16.554794, 3.7, 5
28.075153, -16.554794, 3.7, 5
28.075153, -16.554794, 3.7, 5
28.075153, -16.554794, 3.7, 5
28.075153, -16.554794, 3.7, 5
28.075153, -16.554794, 3.7, 5
28.075153, -16.554794, 3.7, 5
28.075153, -16.554794, 3.7, 5
28.075153, -16.554794, 3.7, 5
28.075153, -16.554794, 3.7, 5
28.075153, -16.554794, 3.7, 5
28.075153, -16.554794, 3.7, 5
28.075153, -16.554794, 3.7, 5
28.075153, -16.554794, 3.7, 5
28.075077, -16.554938, 5.8, 5
28.075077, -16.554938, 5.8, 4
28.075077, -16.554938, 5.8, 4
28.075077, -16.554938, 5.8, 4
28.075077, -16.554938, 5.8, 4
28.075076, -16.554940, 5.7, 4
28.075076, -16.554940, 5.7, 4
28.075076, -16.554940, 5.7, 4
28.075076, -16.554940, 5.7, 4
28.075076, -16.554940, 5.7, 4
28.075074, -16.554942, 5.7, 4
28.075074, -16.554942, 5.7, 4
28.075074, -16.554942, 5.7, 4
28.075074, -16.554942, 5.7, 4
28.075073, -16.554945, 5.7, 4
28.075073, -16.554945, 5.7, 4
28.075073, -16.554945, 5.7, 4
28.075073, -16.554945, 5.7, 4
28.075073, -16.554945, 5.7, 4
28.075072, -16.554948, 5.7, 4
28.075072, -16.554948, 5.7, 4
28.075072, -16.554948, 5.7, 4
28.075072, -16.554948, 5.7, 4
28.075071, -16.554950, 5.7, 4
28.075071, -16.554950, 5.7, 4
28.075071, -16.554950, 5.7, 4
28.075071, -16.554950, 5.7, 4
28.075071, -16.554950, 5.7, 4
28.075070, -16.554951, 5.6, 4
28.075070, -16.554951, 5.6, 4
28.075070, -16.554951, 5.6, 4
28.075070, -16.554951, 5.6, 4
28.075071, -16.554951, 5.4, 4
28.075071, -16.554951, 5.4, 4
28.075071, -16.554951, 5.4, 4
28.075071, -16.554951, 5.4, 4
28.075071, -16.554951, 5.4, 4
28.075070, -16.554952, 5.3, 4
28.075070, -16.554952, 5.3, 4
28.075070, -16.554952, 5.3, 4
28.075070, -16.554952, 5.3, 4
28.075069, -16.554955, 5.3, 4
28.075069, -16.554955, 5.3, 4
28.075069, -16.554955, 5.3, 4
28.075069, -16.554955, 5.3, 4
28.075069, -16.554955, 5.3, 4
28.075067, -16.554957, 5.3, 4
28.075067, -16.554957, 5.3, 4
28.075067, -16.554957, 5.3, 4
28.075067, -16.554957, 5.3, 4
28.075067, -16.554955, 5.3, 4
28.075067, -16.554955, 5.3, 5
28.075067, -16.554955, 5.3, 5
28.075067, -16.554955, 5.3, 5
28.075067, -16.554955, 5.3, 5
28.075089, -16.554926, 4.6, 5
28.075089, -16.554926, 4.6, 6
28.075089, -16.554926, 4.6, 6
28.075089, -16.554926, 4.6, 6
28.075089, -16.554926, 4.6, 6
28.075107, -16.554900, 4.0, 6
28.075107, -16.554900, 4.0, 6
28.075107, -16.554900, 4.0, 6
28.075107, -16.554900, 4.0, 6
28.075124, -16.554877, 3.5, 6
28.075124, -16.554877, 3.5, 6
28.075124, -16.554877, 3.5, 6
28.075124, -16.554877, 3.5, 6
28.075124, -16.554877, 3.5, 6
28.075127, -16.554874, 3.5, 6
28.075127, -16.554874, 3.5, 5
28.075127, -16.554874, 3.5, 5
28.075127, -16.554874, 3.5, 5
28.075133, -16.554873, 3.6, 5
28.075133, -16.554873, 3.6, 5
28.075133, -16.554873, 3.6, 5
28.075133, -16.554873, 3.6, 5
28.075133, -16.554873, 3.6, 5
28.075136, -16.554871, 3.6, 5
28.075136, -16.554871, 3.6, 5
28.075136, -16.554871, 3.6, 5
28.075136, -16.554871, 3.6, 5
28.075137, -16.554867, 3.4, 5
28.075137, -16.554867, 3.4, 5
28.075137, -16.554867, 3.4, 5
28.075137, -16.554867, 3.4, 5
28.075137, -16.554867, 3.4, 5
28.075141, -16.554865, 3.4, 5
28.075141, -16.554865, 3.4, 5
28.075141, -16.554865, 3.4, 5
28.075141, -16.554865, 3.4, 5
28.075143, -16.554865, 3.4, 5
28.075143, -16.554865, 3.4, 5
28.075143, -16.554865, 3.4, 5
28.075143, -16.554865, 3.4, 5
28.075143, -16.554865, 3.4, 5
28.075143, -16.554863, 3.2, 5
28.075143, -16.554863, 3.2, 5
28.075143, -16.554863, 3.2, 5
28.075143, -16.554863, 3.2, 5
28.075142, -16.554859, 2.9, 5
28.075142, -16.554859, 2.9, 5
28.075142, -16.554859, 2.9, 5
28.075142, -16.554859, 2.9, 5
28.075142, -16.554859, 2.9, 5
28.075142, -16.554856, 2.6, 5
28.075142, -16.554856, 2.6, 5
28.075142, -16.554856, 2.6, 5
28.075142, -16.554856, 2.6, 5
28.075142, -16.554852, 2.4, 5
28.075142, -16.554852, 2.4, 5
28.075142, -16.554852, 2.4, 5
28.075142, -16.554852, 2.4, 5
28.075142, -16.554852, 2.4, 5
28.075143, -16.554847, 2.1, 5
28.075143, -16.554847, 2.1, 5
28.075143, -16.554847, 2.1, 5
28.075143, -16.554847, 2.1, 5
28.075145, -16.554841, 1.8, 5
28.075145, -16.554841, 1.8, 5
28.075145, -16.554841, 1.8, 5
28.075145, -16.554841, 1.8, 5
28.075145, -16.554841, 1.8, 5
28.075145, -16.554841, 1.9, 5
28.075145, -16.554841, 1.9, 5
28.075145, -16.554841, 1.9, 5
28.075145, -16.554841, 1.9, 5
28.075146, -16.554841, 1.9, 5
28.075146, -16.554841, 1.9, 5
28.075146, -16.554841, 1.9, 5
28.075146, -16.554841, 1.9, 5
28.075146, -16.554841, 1.9, 5
28.075147, -16.554840, 1.9, 5
28.075147, -16.554840, 1.9, 5
28.075147, -16.554840, 1.9, 5
28.075147, -16.554840, 1.9, 5
28.075146, -16.554841, 1.9, 5
28.075146, -16.554841, 1.9, 5
28.075146, -16.554841, 1.9, 5
28.075146, -16.554841, 1.9, 5
28.075146, -16.554841, 1.9, 5
28.075146, -16.554843, 2.0, 5
28.075146, -16.554843, 2.0, 5
28.075146, -16.554843, 2.0, 5
28.075146, -16.554843, 2.0, 5
28.075145, -16.554844, 2.0, 5
28.075145, -16.554844, 2.0, 5
28.075145, -16.554844, 2.0, 5
28.075145, -16.554844, 2.0, 5
28.075145, -16.554844, 2.0, 5
28.075143, -16.554841, 1.8, 5
28.075143, -16.554841, 1.8, 5
28.075143, -16.554841, 1.8, 5
28.075143, -16.554841, 1.8, 5
28.075145, -16.554838, 1.7, 5
28.075145, -16.554838, 1.7, 5
28.075145, -16.554838, 1.7, 5
28.075145, -16.554838, 1.7, 5
28.075145, -16.554838, 1.7, 5
28.075146, -16.554839, 1.8, 5
28.075146, -16.554839, 1.8, 5
28.075146, -16.554839, 1.8, 5
28.075146, -16.554839, 1.8, 5
28.075144, -16.554839, 1.7, 5
28.075144, -16.554839, 1.7, 5
28.075144, -16.554839, 1.7, 5
28.075144, -16.554839, 1.7, 5
28.075144, -16.554839, 1.7, 5
28.075142, -16.554840, 1.7, 5
28.075142, -16.554840, 1.7, 5
28.075142, -16.554840, 1.7, 5
28.075142, -16.554840, 1.7, 5
28.075140, -16.554840, 1.6, 5
28.075140, -16.554840, 1.6, 5
28.075140, -16.554840, 1.6, 5
28.075140, -16.554840, 1.6, 5
28.075140, -16.554840, 1.6, 5
28.075140, -16.554839, 1.6, 5
28.075140, -16.554839, 1.6, 5
28.075140, -16.554839, 1.6, 5
28.075140, -16.554839, 1.6, 5
28.075140, -16.554839, 1.6, 5
28.075140, -16.554837, 1.6, 5
28.075140, -16.554837, 1.6, 5
28.075140, -16.554837, 1.6, 5
28.075140, -16.554837, 1.6, 5
28.075140, -16.554834, 1.5, 5
28.075140, -16.554834, 1.5, 5
28.075140, -16.554834, 1.5, 5
28.075140, -16.554834, 1.5, 5
28.075140, -16.554834, 1.5, 5
28.075140, -16.554824, 1.1, 5
28.075140, -16.554824, 1.1, 5
28.075140, -16.554824, 1.1, 5
28.075140, -16.554824, 1.1, 5
28.075141, -16.554814, 0.7, 5
28.075141, -16.554814, 0.7, 5
28.075141, -16.554814, 0.7, 5
28.075141, -16.554814, 0.7, 5
28.075141, -16.554814, 0.7, 5
28.075141, -16.554808, 0.5, 5
28.075141, -16.554808, 0.5, 5
28.075141, -16.554808, 0.5, 5
28.075141, -16.554808, 0.5, 5
28.075140, -16.554805, 0.4, 5
28.075140, -16.554805, 0.4, 5
28.075140, -16.554805, 0.4, 5
28.075140, -16.554805, 0.4, 5
28.075140, -16.554805, 0.4, 5
28.075140, -16.554801, 0.2, 5
28.075140, -16.554801, 0.2, 5
28.075140, -16.554801, 0.2, 5
28.075140, -16.554801, 0.2, 5
28.075138, -16.554795, 0.1, 5
28.075138, -16.554795, 0.1, 5
28.075138, -16.554795, 0.1, 5
28.075138, -16.554795, 0.1, 5
28.075138, -16.554795, 0.1, 5
28.075136, -16.554791, 0.3, 5
28.075136, -16.554791, 0.3, 5
28.075136, -16.554791, 0.3, 5
28.075136, -16.554791, 0.3, 5
28.075136, -16.554788, 0.4, 5
28.075136, -16.554788, 0.4, 5
28.075136, -16.554788, 0.4, 5
28.075136, -16.554788, 0.4, 5
28.075136, -16.554788, 0.4, 5
28.075134, -16.554786, 0.4, 5
28.075134, -16.554786, 0.4, 5
28.075134, -16.554786, 0.4, 5
28.075134, -16.554786, 0.4, 5
28.075133, -16.554783, 0.4, 5
28.075133, -16.554783, 0.4, 5
28.075133, -16.554783, 0.4, 5
28.075133, -16.554783, 0.4, 5
28.075133, -16.554783, 0.4, 5
28.075134, -16.554781, 0.3, 5
28.075134, -16.554781, 0.3, 5
28.075134, -16.554781, 0.3, 5
28.075134, -16.554781, 0.3, 5
28.075135, -16.554776, 0.2, 5
28.075135, -16.554776, 0.2, 5
28.075135, -16.554776, 0.2, 5
28.075135, -16.554776, 0.2, 5
28.075135, -16.554776, 0.2, 5
28.075135, -16.554766, 0.5, 5
28.075135, -16.554766, 0.5, 5
28.075135, -16.554766, 0.5, 5
28.075135, -16.554766, 0.5, 5
28.075135, -16.554761, 0.7, 5
28.075135, -16.554761, 0.7, 5
28.075135, -16.554761, 0.7, 5
28.075135, -16.554761, 0.7, 5
28.075135, -16.554761, 0.7, 5
28.075134, -16.554755, 0.9, 5
28.075134, -16.554755, 0.9, 5
28.075134, -16.554755, 0.9, 5
28.075134, -16.554755, 0.9, 5
28.075135, -16.554753, 0.8, 5
28.075135, -16.554753, 0.8, 5
28.075135, -16.554753, 0.8, 5
28.075135, -16.554753, 0.8, 5
28.075135, -16.554753, 0.8, 5
28.075136, -16.554751, 0.7, 5
28.075136, -16.554751, 0.7, 5
28.075136, -16.554751, 0.7, 5
28.075136, -16.554751, 0.7, 5
28.075136, -16.554749, 0.7, 5
28.075136, -16.554749, 0.7, 5
28.075136, -16.554749, 0.7, 5
28.075136, -16.554749, 0.7, 5
28.075136, -16.554749, 0.7, 5
28.075136, -16.554747, 0.6, 5
28.075136, -16.554747, 0.6, 5
28.075136, -16.554747, 0.6, 5
28.075136, -16.554747, 0.6, 5
28.075137, -16.554744, 0.6, 5
28.075137, -16.554744, 0.6, 5
28.075137, -16.554744, 0.6, 5
28.075137, -16.554744, 0.6, 5
28.075138, -16.554743, 0.7, 5
28.075138, -16.554743, 0.7, 5
28.075138, -16.554743, 0.7, 5
28.075138, -16.554743, 0.7, 5
28.075139, -16.554744, 0.6, 5
28.075139, -16.554744, 0.6, 5
28.075139, -16.554744, 0.6, 5
28.075139, -16.554744, 0.6, 5
28.075138, -16.554745, 0.6, 5
28.075138, -16.554745, 0.6, 5
28.075138, -16.554745, 0.6, 5
28.075138, -16.554745, 0.6, 5
28.075137, -16.554744, 0.6, 5
28.075137, -16.554744, 0.6, 5
28.075137, -16.554744, 0.6, 5
28.075137, -16.554744, 0.6, 5
28.075138, -16.554738, 0.8, 5
28.075138, -16.554738, 0.8, 5
28.075138, -16.554738, 0.8, 5
28.075138, -16.554738, 0.8, 5
28.075141, -16.554734, 0.9, 5
28.075141, -16.554734, 0.9, 5
28.075141, -16.554734, 0.9, 5
28.075141, -16.554734, 0.9, 5
28.075142, -16.554732, 1.0, 5
28.075142, -16.554732, 1.0, 5
28.075142, -16.554732, 1.0, 5
28.075142, -16.554732, 1.0, 5
28.075144, -16.554730, 1.1, 5
28.075144, -16.554730, 1.1, 5
28.075144, -16.554730, 1.1, 5
28.075144, -16.554730, 1.1, 5
28.075145, -16.554723, 1.4, 5
28.075145, -16.554723, 1.4, 5
28.075145, -16.554723, 1.4, 5
28.075145, -16.554723, 1.4, 5
28.075146, -16.554716, 1.6, 5
28.075146, -16.554716, 1.6, 5
28.075146, -16.554716, 1.6, 5
28.075146, -16.554716, 1.6, 5
28.075147, -16.554709, 1.9, 5
28.075147, -16.554709, 1.9, 5
28.075147, -16.554709, 1.9, 5
28.075147, -16.554709, 1.9, 5
28.075148, -16.554702, 2.0, 5
28.075148, -16.554702, 2.0, 5
28.075148, -16.554702, 2.0, 5
28.075148, -16.554702, 2.0, 5
28.075151, -16.554702, 1.9, 5
28.075151, -16.554702, 1.9, 5
28.075151, -16.554702, 1.9, 5
28.075151, -16.554702, 1.9, 5
28.075153, -16.554713, 1.8, 5
28.075153, -16.554713, 1.8, 6
28.075153, -16.554713, 1.8, 6
28.075153, -16.554713, 1.8, 6
28.075153, -16.554713, 1.8, 6
28.075153, -16.554724, 1.6, 6
28.075153, -16.554724, 1.6, 6
28.075153, -16.554724, 1.6, 6
28.075153, -16.554724, 1.6, 6
28.075153, -16.554724, 1.6, 6
28.075153, -16.554736, 1.4, 6
28.075153, -16.554736, 1.4, 6
28.075153, -16.554736, 1.4, 6
28.075153, -16.554736, 1.4, 6
28.075154, -16.554742, 1.3, 6
28.075154, -16.554742, 1.3, 6
28.075154, -16.554742, 1.3, 6
28.075154, -16.554742, 1.3, 6
28.075154, -16.554742, 1.3, 6
28.075155, -16.554748, 1.2, 6
28.075155, -16.554748, 1.2, 6
28.075155, -16.554748, 1.2, 6
28.075155, -16.554748, 1.2, 6
28.075157, -16.554752, 1.2, 6
28.075157, -16.554752, 1.2, 6
28.075157, -16.554752, 1.2, 6
28.075157, -16.554752, 1.2, 6
28.075157, -16.554752, 1.2, 6
28.075159, -16.554753, 1.3, 6
28.075159, -16.554753, 1.3, 6
28.075159, -16.554753, 1.3, 6
28.075159, -16.554753, 1.3, 6
28.075159, -16.554755, 1.3, 6
28.075159, -16.554755, 1.3, 6
28.075159, -16.554755, 1.3, 6
28.075159, -16.554755, 1.3, 6
28.075159, -16.554755, 1.3, 6
28.075159, -16.554758, 1.2, 6
28.075159, -16.554758, 1.2, 6
28.075159, -16.554758, 1.2, 6
28.075159, -16.554758, 1.2, 6
28.075161, -16.554763, 1.2, 6
28.075161, -16.554763, 1.2, 6
28.075161, -16.554763, 1.2, 6
28.075161, -16.554763, 1.2, 6
28.075161, -16.554763, 1.2, 6
28.075161, -16.554769, 1.1, 6
28.075161, -16.554769, 1.1, 6
28.075161, -16.554769, 1.1, 6
28.075161, -16.554769, 1.1, 6
28.075160, -16.554772, 1.1, 6
28.075160, -16.554772, 1.1, 6
28.075160, -16.554772, 1.1, 6
28.075160, -16.554772, 1.1, 6
28.075160, -16.554772, 1.1, 6
28.075162, -16.554775, 1.1, 6
28.075162, -16.554775, 1.1, 6
28.075162, -16.554775, 1.1, 6
28.075162, -16.554775, 1.1, 6
28.075165, -16.554776, 1.2, 6
28.075165, -16.554776, 1.2, 6
28.075165, -16.554776, 1.2, 6
28.075165, -16.554776, 1.2, 6
28.075165, -16.554776, 1.2, 6
28.075167, -16.554779, 1.2, 6
28.075167, -16.554779, 1.2, 6
28.075167, -16.554779, 1.2, 6
28.075167, -16.554779, 1.2, 6
28.075167, -16.554779, 1.2, 6
28.075167, -16.554783, 1.2, 6
28.075167, -16.554783, 1.2, 6
28.075167, -16.554783, 1.2, 6
28.075167, -16.554783, 1.2, 6
28.075170, -16.554786, 1.3, 6
28.075170, -16.554786, 1.3, 6
28.075170, -16.554786, 1.3, 6
28.075170, -16.554786, 1.3, 6
28.075173, -16.554789, 1.5, 6
28.075173, -16.554789, 1.5, 6
28.075173, -16.554789, 1.5, 6
28.075173, -16.554789, 1.5, 6
28.075173, -16.554789, 1.5, 6
28.075176, -16.554791, 1.6, 6
28.075176, -16.554791, 1.6, 6
28.075176, -16.554791, 1.6, 6
28.075176, -16.554791, 1.6, 6
28.075176, -16.554791, 1.6, 6
28.075177, -16.554792, 1.6, 6
28.075177, -16.554792, 1.6, 6
28.075177, -16.554792, 1.6, 6
28.075177, -16.554792, 1.6, 6
28.075179, -16.554792, 1.6, 6
28.075179, -16.554792, 1.6, 6
28.075179, -16.554792, 1.6, 6
28.075179, -16.554792, 1.6, 6
28.075179, -16.554792, 1.6, 6
28.075179, -16.554795, 1.6, 6
28.075179, -16.554795, 1.6, 6
28.075179, -16.554795, 1.6, 6
28.075179, -16.554795, 1.6, 6
28.075180, -16.554798, 1.6, 6
28.075180, -16.554798, 1.6, 6
28.075180, -16.554798, 1.6, 6
28.075180, -16.554798, 1.6, 6
28.075180, -16.554798, 1.6, 6
28.075180, -16.554799, 1.5, 6
28.075180, -16.554799, 1.5, 6
28.075180, -16.554799, 1.5, 6
28.075180, -16.554799, 1.5, 6
28.075181, -16.554800, 1.5, 6
28.075181, -16.554800, 1.5, 6
28.075181, -16.554800, 1.5, 6
28.075181, -16.554800, 1.5, 6
28.075181, -16.554800, 1.5, 6
28.075182, -16.554799, 1.5, 6
28.075182, -16.554799, 1.5, 6
28.075182, -16.554799, 1.5, 6
28.075182, -16.554799, 1.5, 6
28.075186, -16.554799, 1.6, 6
28.075186, -16.554799, 1.6, 6
28.075186, -16.554799, 1.6, 6
28.075186, -16.554799, 1.6, 6
28.075186, -16.554799, 1.6, 6
28.075187, -16.554803, 1.7, 6
28.075187, -16.554803, 1.7, 6
28.075187, -16.554803, 1.7, 6
28.075187, -16.554803, 1.7, 6
28.075190, -16.554810, 2.0, 6
28.075190, -16.554810, 2.0, 6
28.075190, -16.554810, 2.0, 6
28.075190, -16.554810, 2.0, 6
28.075190, -16.554810, 2.0, 6
28.075190, -16.554817, 2.0, 6
28.075190, -16.554817, 2.0, 6
28.075190, -16.554817, 2.0, 6
28.075190, -16.554817, 2.0, 6
28.075187, -16.554824, 1.8, 6
28.075187, -16.554824, 1.8, 6
28.075187, -16.554824, 1.8, 6
28.075187, -16.554824, 1.8, 6
28.075187, -16.554824, 1.8, 6
28.075184, -16.554831, 1.7, 6
28.075184, -16.554831, 1.7, 6
28.075184, -16.554831, 1.7, 6
28.075184, -16.554831, 1.7, 6
28.075183, -16.554838, 1.8, 6
28.075183, -16.554838, 1.8, 6
28.075183, -16.554838, 1.8, 6
28.075183, -16.554838, 1.8, 6
28.075183, -16.554838, 1.8, 6
28.075184, -16.554843, 1.9, 6
28.075184, -16.554843, 1.9, 6
28.075184, -16.554843, 1.9, 6
28.075184, -16.554843, 1.9, 6
28.075185, -16.554845, 1.9, 6
28.075185, -16.554845, 1.9, 6
28.075185, -16.554845, 1.9, 6
28.075185, -16.554845, 1.9, 6
28.075185, -16.554845, 1.9, 6
28.075185, -16.554848, 1.8, 6
28.075185, -16.554848, 1.8, 6
28.075185, -16.554848, 1.8, 6
28.075185, -16.554848, 1.8, 6
28.075185, -16.554848, 1.8, 6
28.075186, -16.554851, 1.8, 6
28.075186, -16.554851, 1.8, 6
28.075186, -16.554851, 1.8, 6
28.075186, -16.554851, 1.8, 6
28.075186, -16.554855, 1.9, 6
28.075186, -16.554855, 1.9, 6
28.075186, -16.554855, 1.9, 6
28.075186, -16.554855, 1.9, 6
28.075187, -16.554860, 2.0, 6
28.075187, -16.554860, 2.0, 6
28.075187, -16.554860, 2.0, 6
28.075187, -16.554860, 2.0, 6
28.075187, -16.554860, 2.0, 6
28.075187, -16.554865, 2.1, 6
28.075187, -16.554865, 2.1, 6
28.075187, -16.554865, 2.1, 6
28.075187, -16.554865, 2.1, 6
28.075187, -16.554865, 2.1, 6
28.075186, -16.554870, 2.2, 6
28.075186, -16.554870, 2.2, 6
28.075186, -16.554870, 2.2, 6
28.075186, -16.554870, 2.2, 6
28.075187, -16.554879, 2.5, 6
28.075187, -16.554879, 2.5, 6
28.075187, -16.554879, 2.5, 6
28.075187, -16.554879, 2.5, 6
28.075187, -16.554879, 2.5, 6
28.075188, -16.554886, 2.8, 6
28.075188, -16.554886, 2.8, 6
28.075188, -16.554886, 2.8, 6
28.075188, -16.554886, 2.8, 6
28.075188, -16.554891, 2.9, 6
28.075188, -16.554891, 2.9, 6
28.075188, -16.554891, 2.9, 6
28.075188, -16.554891, 2.9, 6
28.075188, -16.554891, 2.9, 6
28.075188, -16.554895, 2.9, 6
28.075188, -16.554895, 2.9, 6
28.075188, -16.554895, 2.9, 6
28.075188, -16.554895, 2.9, 6
28.075191, -16.554900, 3.1, 6
28.075191, -16.554900, 3.1, 6
28.075191, -16.554900, 3.1, 6
28.075191, -16.554900, 3.1, 6
28.075191, -16.554900, 3.1, 6
28.075192, -16.554904, 3.3, 6
28.075192, -16.554904, 3.3, 6
28.075192, -16.554904, 3.3, 6
28.075192, -16.554904, 3.3, 6
28.075191, -16.554908, 3.4, 6
28.075191, -16.554908, 3.4, 6
28.075191, -16.554908, 3.4, 6
28.075191, -16.554908, 3.4, 6
28.075191, -16.554908, 3.4, 6
28.075189, -16.554913, 3.4, 6
28.075189, -16.554913, 3.4, 6
28.075189, -16.554913, 3.4, 6
28.075189, -16.554913, 3.4, 6
28.075188, -16.554917, 3.4, 6
28.075188, -16.554917, 3.4, 6
28.075188, -16.554917, 3.4, 6
28.075188, -16.554917, 3.4, 6
28.075188, -16.554917, 3.4, 6
28.075188, -16.554919, 3.3, 6
28.075188, -16.554919, 3.3, 6
28.075188, -16.554919, 3.3, 6
28.075188, -16.554919, 3.3, 6
28.075190, -16.554921, 3.3, 6
28.075190, -16.554921, 3.3, 6
28.075190, -16.554921, 3.3, 6
28.075190, -16.554921, 3.3, 6
28.075190, -16.554921, 3.3, 6
28.075195, -16.554923, 3.6, 6
28.075195, -16.554923, 3.6, 6
28.075195, -16.554923, 3.6, 6
28.075195, -16.554923, 3.6, 6
28.075199, -16.554925, 3.6, 6
28.075199, -16.554925, 3.6, 6
28.075199, -16.554925, 3.6, 6
28.075199, -16.554925, 3.6, 6
28.075199, -16.554925, 3.6, 6
28.075200, -16.554928, 3.6, 6
28.075200, -16.554928, 3.6, 6
28.075200, -16.554928, 3.6, 6
28.075200, -16.554928, 3.6, 6
28.075201, -16.554932, 3.7, 6
28.075201, -16.554932, 3.7, 6
28.075201, -16.554932, 3.7, 6
28.075201, -16.554932, 3.7, 6
28.075201, -16.554932, 3.7, 6
28.075203, -16.554936, 3.8, 6
28.075203, -16.554936, 3.8, 6
28.075203, -16.554936, 3.8, 6
28.075203, -16.554936, 3.8, 6
28.075205, -16.554936, 3.7, 6
28.075205, -16.554936, 3.7, 6
28.075205, -16.554936, 3.7, 6
28.075205, -16.554936, 3.7, 6
28.075205, -16.554936, 3.7, 6
28.075208, -16.554939, 3.7, 6
28.075208, -16.554939, 3.7, 6
28.075208, -16.554939, 3.7, 6
28.075208, -16.554939, 3.7, 6
28.075207, -16.554943, 3.6, 6
28.075207, -16.554943, 3.6, 6
28.075207, -16.554943, 3.6, 6
28.075207, -16.554943, 3.6, 6
28.075207, -16.554943, 3.6, 6
28.075204, -16.554947, 3.4, 6
28.075204, -16.554947, 3.4, 6
28.075204, -16.554947, 3.4, 6
28.075204, -16.554947, 3.4, 6
28.075203, -16.554951, 3.3, 6
28.075203, -16.554951, 3.3, 6
28.075203, -16.554951, 3.3, 6
28.075203, -16.554951, 3.3, 6
28.075203, -16.554951, 3.3, 6
28.075204, -16.554955, 3.3, 6
28.075204, -16.554955, 3.3, 6
28.075204, -16.554955, 3.3, 6
28.075204, -16.554955, 3.3, 6
28.075205, -16.554958, 3.4, 6
28.075205, -16.554958, 3.4, 6
28.075205, -16.554958, 3.4, 6
28.075205, -16.554958, 3.4, 6
28.075205, -16.554958, 3.4, 6
28.075207, -16.554961, 3.5, 6
28.075207, -16.554961, 3.5, 6
28.075207, -16.554961, 3.5, 6
28.075207, -16.554961, 3.5, 6
28.075207, -16.554961, 3.5, 6
28.075207, -16.554964, 3.5, 6
28.075207, -16.554964, 3.5, 6
28.075207, -16.554964, 3.5, 6
28.075207, -16.554964, 3.5, 6
28.075205, -16.554969, 3.4, 6
28.075205, -16.554969, 3.4, 6
28.075205, -16.554969, 3.4, 6
28.075205, -16.554969, 3.4, 6
28.075205, -16.554969, 3.4, 6
28.075204, -16.554972, 3.3, 6
28.075204, -16.554972, 3.3, 6
28.075204, -16.554972, 3.3, 6
28.075204, -16.554972, 3.3, 6
28.075203, -16.554976, 3.3, 6
28.075203, -16.554976, 3.3, 6
28.075203, -16.554976, 3.3, 6
28.075203, -16.554976, 3.3, 6
28.075203, -16.554976, 3.3, 6
28.075203, -16.554980, 3.4, 6
28.075203, -16.554980, 3.4, 6
28.075203, -16.554980, 3.4, 6
28.075203, -16.554980, 3.4, 6
28.075202, -16.554984, 3.4, 6
28.075202, -16.554984, 3.4, 6
28.075202, -16.554984, 3.4, 6
28.075202, -16.554984, 3.4, 6
28.075202, -16.554984, 3.4, 6
28.075201, -16.554988, 3.4, 6
28.075201, -16.554988, 3.4, 6
28.075201, -16.554988, 3.4, 6
28.075201, -16.554988, 3.4, 6
28.075201, -16.554992, 3.4, 6
28.075201, -16.554992, 3.4, 6
28.075201, -16.554992, 3.4, 6
28.075201, -16.554992, 3.4, 6
28.075201, -16.554992, 3.4, 6
28.075201, -16.554996, 3.4, 6
28.075201, -16.554996, 3.4, 6
28.075201, -16.554996, 3.4, 6
28.075201, -16.554996, 3.4, 6
28.075201, -16.554999, 3.4, 6
28.075201, -16.554999, 3.4, 6
28.075201, -16.554999, 3.4, 6
28.075201, -16.554999, 3.4, 6
28.075201, -16.554999, 3.4, 6
28.075200, -16.555001, 3.2, 6
28.075200, -16.555001, 3.2, 6
28.075200, -16.555001, 3.2, 6
28.075200, -16.555001, 3.2, 6
28.075199, -16.555006, 3.1, 6
28.075199, -16.555006, 3.1, 6
28.075199, -16.555006, 3.1, 6
28.075199, -16.555006, 3.1, 6
28.075199, -16.555006, 3.1, 6
28.075198, -16.555009, 3.1, 6
28.075198, -16.555009, 3.1, 6
28.075198, -16.555009, 3.1, 6
28.075198, -16.555009, 3.1, 6
28.075200, -16.555014, 3.3, 6
28.075200, -16.555014, 3.3, 6
28.075200, -16.555014, 3.3, 6
28.075200, -16.555014, 3.3, 6
28.075200, -16.555014, 3.3, 6
28.075202, -16.555021, 3.6, 6
28.075202, -16.555021, 3.6, 6
28.075202, -16.555021, 3.6, 6
28.075202, -16.555021, 3.6, 6
28.075202, -16.555027, 3.8, 6
28.075202, -16.555027, 3.8, 6
28.075202, -16.555027, 3.8, 6
28.075202, -16.555027, 3.8, 6
28.075202, -16.555027, 3.8, 6
28.075201, -16.555033, 3.9, 6
28.075201, -16.555033, 3.9, 6
28.075201, -16.555033, 3.9, 6
28.075201, -16.555033, 3.9, 6
28.075201, -16.555033, 3.9, 6
28.075202, -16.555039, 4.1, 6
28.075202, -16.555039, 4.1, 6
28.075202, -16.555039, 4.1, 6
28.075202, -16.555039, 4.1, 6
28.075203, -16.555046, 4.4, 6
28.075203, -16.555046, 4.4, 6
28.075203, -16.555046, 4.4, 6
28.075203, -16.555046, 4.4, 6
28.075203, -16.555046, 4.4, 6
28.075204, -16.555053, 4.6, 6
28.075204, -16.555053, 4.6, 6
28.075204, -16.555053, 4.6, 6
28.075204, -16.555053, 4.6, 6
28.075204, -16.555059, 4.6, 6
28.075204, -16.555059, 4.6, 6
28.075204, -16.555059, 4.6, 6
28.075204, -16.555059, 4.6, 6
28.075204, -16.555059, 4.6, 6
28.075202, -16.555066, 4.7, 6
28.075202, -16.555066, 4.7, 6
28.075202, -16.555066, 4.7, 6
28.075202, -16.555066, 4.7, 6
28.075201, -16.555074, 4.9, 6
28.075201, -16.555074, 4.9, 6
28.075201, -16.555074, 4.9, 6
28.075201, -16.555074, 4.9, 6
28.075201, -16.555074, 4.9, 6
28.075198, -16.555084, 5.1, 6
28.075198, -16.555084, 5.1, 6
28.075198, -16.555084, 5.1, 6
28.075198, -16.555084, 5.1, 6
28.075197, -16.555094, 5.5, 6
28.075197, -16.555094, 5.5, 6
28.075197, -16.555094, 5.5, 6
28.075197, -16.555094, 5.5, 6
28.075197, -16.555094, 5.5, 6
28.075196, -16.555100, 5.6, 6
28.075196, -16.555100, 5.6, 6
28.075196, -16.555100, 5.6, 6
28.075196, -16.555100, 5.6, 6
28.075194, -16.555106, 5.7, 6
28.075194, -16.555106, 5.7, 6
28.075194, -16.555106, 5.7, 6
28.075194, -16.555106, 5.7, 6
28.075194, -16.555106, 5.7, 6
28.075193, -16.555111, 5.7, 6
28.075193, -16.555111, 5.7, 6
28.075193, -16.555111, 5.7, 6
28.075193, -16.555111, 5.7, 6
28.075193, -16.555114, 5.7, 6
28.075193, -16.555114, 5.7, 6
28.075193, -16.555114, 5.7, 6
28.075193, -16.555114, 5.7, 6
28.075193, -16.555114, 5.7, 6
28.075193, -16.555116, 5.4, 6
28.075193, -16.555116, 5.4, 6
28.075193, -16.555116, 5.4, 6
28.075193, -16.555116, 5.4, 6
28.075194, -16.555119, 5.4, 6
28.075194, -16.555119, 5.4, 6
28.075194, -16.555119, 5.4, 6
28.075194, -16.555119, 5.4, 6
28.075194, -16.555119, 5.4, 6
28.075195, -16.555122, 5.3, 6
28.075195, -16.555122, 5.3, 6
28.075195, -16.555122, 5.3, 6
28.075195, -16.555122, 5.3, 6
28.075194, -16.555124, 5.0, 6
28.075194, -16.555124, 5.0, 6
28.075194, -16.555124, 5.0, 6
28.075194, -16.555124, 5.0, 6
28.075194, -16.555124, 5.0, 6
28.075191, -16.555128, 4.9, 6
28.075191, -16.555128, 4.9, 6
28.075191, -16.555128, 4.9, 6
28.075191, -16.555128, 4.9, 6
28.075192, -16.555132, 5.1, 6
28.075192, -16.555132, 5.1, 6
28.075192, -16.555132, 5.1, 6
28.075192, -16.555132, 5.1, 6
28.075192, -16.555132, 5.1, 6
28.075193, -16.555136, 5.2, 6
28.075193, -16.555136, 5.2, 6
28.075193, -16.555136, 5.2, 6
28.075193, -16.555136, 5.2, 6
28.075193, -16.555136, 5.2, 6
28.075193, -16.555136, 5.2, 5
28.075193, -16.555136, 5.2, 5
28.075193, -16.555136, 5.2, 5
28.075193, -16.555136, 5.2, 5
28.075193, -16.555136, 5.2, 5
28.075193, -16.555136, 5.2, 5
28.075193, -16.555136, 5.2, 5
28.075193, -16.555136, 5.2, 5
28.075193, -16.555136, 5.2, 5
28.075193, -16.555136, 5.2, 5
28.075193, -16.555136, 5.2, 5
28.075193, -16.555136, 5.2, 5
28.075193, -16.555136, 5.2, 5
28.075193, -16.555136, 5.2, 5
28.075193, -16.555136, 5.2, 5
28.075193, -16.555136, 5.2, 5
28.075187, -16.555152, 4.6, 5
28.075187, -16.555152, 4.6, 4
28.075187, -16.555152, 4.6, 4
28.075187, -16.555152, 4.6, 4
28.075187, -16.555152, 4.6, 4
28.075184, -16.555155, 4.7, 4
28.075184, -16.555155, 4.7, 4
28.075184, -16.555155, 4.7, 4
28.075184, -16.555155, 4.7, 4
28.075182, -16.555156, 4.6, 4
28.075182, -16.555156, 4.6, 5
28.075182, -16.555156, 4.6, 5
28.075182, -16.555156, 4.6, 5
28.075182, -16.555156, 4.6, 5
28.075180, -16.555155, 4.4, 5
28.075180, -16.555155, 4.4, 5
28.075180, -16.555155, 4.4, 5
28.075180, -16.555155, 4.4, 5
28.075180, -16.555155, 4.4, 5
28.075180, -16.555157, 4.5, 5
28.075180, -16.555157, 4.5, 5
28.075180, -16.555157, 4.5, 5
28.075180, -16.555157, 4.5, 5
28.075180, -16.555157, 4.4, 5
28.075180, -16.555157, 4.4, 5
28.075180, -16.555157, 4.4, 5
28.075180, -16.555157, 4.4, 5
28.075180, -16.555157, 4.4, 5
28.075179, -16.555157, 4.5, 5
28.075179, -16.555157, 4.5, 5
28.075179, -16.555157, 4.5, 5
28.075179, -16.555157, 4.5, 5
28.075176, -16.555161, 4.6, 5
28.075176, -16.555161, 4.6, 4
28.075176, -16.555161, 4.6, 4
28.075176, -16.555161, 4.6, 4
28.075176, -16.555161, 4.6, 4
28.075176, -16.555160, 4.6, 4
28.075176, -16.555160, 4.6, 5
28.075176, -16.555160, 4.6, 5
28.075176, -16.555160, 4.6, 5
28.075177, -16.555158, 4.5, 5
28.075177, -16.555158, 4.5, 5
28.075177, -16.555158, 4.5, 5
28.075177, -16.555158, 4.5, 5
28.075177, -16.555158, 4.5, 5
28.075176, -16.555157, 4.3, 5
28.075176, -16.555157, 4.3, 5
28.075176, -16.555157, 4.3, 5
28.075176, -16.555157, 4.3, 5
28.075175, -16.555157, 4.3, 5
28.075175, -16.555157, 4.3, 5
28.075175, -16.555157, 4.3, 5
28.075175, -16.555157, 4.3, 5
28.075175, -16.555157, 4.3, 5
28.075175, -16.555159, 4.5, 5
28.075175, -16.555159, 4.5, 5
28.075175, -16.555159, 4.5, 5
28.075175, -16.555159, 4.5, 5
28.075174, -16.555160, 4.5, 5
28.075174, -16.555160, 4.5, 5
28.075174, -16.555160, 4.5, 5
28.075174, -16.555160, 4.5, 5
28.075174, -16.555160, 4.5, 5
28.075167, -16.555178, 4.5, 5
28.075167, -16.555178, 4.5, 6
28.075167, -16.555178, 4.5, 6
28.075167, -16.555178, 4.5, 6
28.075162, -16.555192, 4.4, 6
28.075162, -16.555192, 4.4, 6
28.075162, -16.555192, 4.4, 6
28.075162, -16.555192, 4.4, 6
28.075162, -16.555192, 4.4, 6
28.075158, -16.555204, 4.4, 6
28.075158, -16.555204, 4.4, 6
28.075158, -16.555204, 4.4, 6
28.075158, -16.555204, 4.4, 6
28.075158, -16.555204, 4.4, 6
28.075153, -16.555215, 4.3, 6
28.075153, -16.555215, 4.3, 6
28.075153, -16.555215, 4.3, 6
28.075153, -16.555215, 4.3, 6
28.075150, -16.555225, 4.3, 6
28.075150, -16.555225, 4.3, 6
28.075150, -16.555225, 4.3, 6
28.075150, -16.555225, 4.3, 6
28.075150, -16.555225, 4.3, 6
28.075147, -16.555231, 4.1, 6
28.075147, -16.555231, 4.1, 6
28.075147, -16.555231, 4.1, 6
28.075147, -16.555231, 4.1, 6
28.075146, -16.555236, 4.0, 6
28.075146, -16.555236, 4.0, 6
28.075146, -16.555236, 4.0, 6
28.075146, -16.555236, 4.0, 6
28.075146, -16.555236, 4.0, 6
28.075146, -16.555236, 3.9, 6
28.075146, -16.555236, 3.9, 5
28.075146, -16.555236, 3.9, 5
28.075146, -16.555236, 3.9, 5
28.075149, -16.555237, 4.0, 5
28.075149, -16.555237, 4.0, 5
28.075149, -16.555237, 4.0, 5
28.075149, -16.555237, 4.0, 5
28.075149, -16.555237, 4.0, 5
28.075150, -16.555239, 4.1, 5
28.075150, -16.555239, 4.1, 5
28.075150, -16.555239, 4.1, 5
28.075150, -16.555239, 4.1, 5
28.075149, -16.555242, 4.3, 5
28.075149, -16.555242, 4.3, 5
28.075149, -16.555242, 4.3, 5
28.075149, -16.555242, 4.3, 5
28.075149, -16.555242, 4.3, 5
28.075146, -16.555244, 4.4, 5
28.075146, -16.555244, 4.4, 5
28.075146, -16.555244, 4.4, 5
28.075146, -16.555244, 4.4, 5
28.075146, -16.555247, 4.5, 5
28.075146, -16.555247, 4.5, 5
28.075146, -16.555247, 4.5, 5
28.075146, -16.555247, 4.5, 5
28.075146, -16.555247, 4.5, 5
28.075147, -16.555248, 4.6, 5
28.075147, -16.555248, 4.6, 5
28.075147, -16.555248, 4.6, 5
28.075147, -16.555248, 4.6, 5
28.075147, -16.555248, 4.6, 5
28.075147, -16.555248, 4.6, 5
28.075147, -16.555248, 4.6, 5
28.075147, -16.555248, 4.6, 5
28.075147, -16.555248, 4.6, 5
28.075148, -16.555247, 4.6, 5
28.075148, -16.555247, 4.6, 5
28.075148, -16.555247, 4.6, 5
28.075148, -16.555247, 4.6, 5
28.075149, -16.555249, 4.7, 5
28.075149, -16.555249, 4.7, 5
28.075149, -16.555249, 4.7, 5
28.075149, -16.555249, 4.7, 5
28.075149, -16.555249, 4.7, 5
28.075150, -16.555250, 4.7, 5
28.075150, -16.555250, 4.7, 5
28.075150, -16.555250, 4.7, 5
28.075150, -16.555250, 4.7, 5
28.075149, -16.555252, 4.7, 5
28.075149, -16.555252, 4.7, 5
28.075149, -16.555252, 4.7, 5
28.075149, -16.555252, 4.7, 5
28.075149, -16.555252, 4.7, 5
28.075147, -16.555254, 4.8, 5
28.075147, -16.555254, 4.8, 5
28.075147, -16.555254, 4.8, 5
28.075147, -16.555254, 4.8, 5
28.075142, -16.555249, 4.7, 5
28.075142, -16.555249, 4.7, 6
28.075142, -16.555249, 4.7, 6
28.075142, -16.555249, 4.7, 6
28.075142, -16.555249, 4.7, 6
28.075139, -16.555244, 4.6, 6
28.075139, -16.555244, 4.6, 6
28.075139, -16.555244, 4.6, 6
28.075139, -16.555244, 4.6, 6
28.075135, -16.555250, 4.7, 6
28.075135, -16.555250, 4.7, 7
28.075135, -16.555250, 4.7, 7
28.075135, -16.555250, 4.7, 7
28.075135, -16.555250, 4.7, 7
28.075129, -16.555256, 4.7, 7
28.075129, -16.555256, 4.7, 7
28.075129, -16.555256, 4.7, 7
28.075129, -16.555256, 4.7, 7
